<?xml version="1.0" encoding="UTF-8"?>
<testsuites>
  <testsuite name="" tests="41" assertions="85" errors="0" warnings="0" failures="0" skipped="0" time="0.034560">
    <testsuite name="Project Test Suite" tests="41" assertions="85" errors="0" warnings="0" failures="0" skipped="0" time="0.034560">
      <testsuite name="App\Adventure\AdventureTest" file="/home/tiqma/dbwebb-kurser/mvc/me/report/tests/Adventure/AdventureTest.php" tests="11" assertions="19" errors="0" warnings="0" failures="0" skipped="0" time="0.012787">
        <testcase name="testDescribeCurrentRoom" class="App\Adventure\AdventureTest" classname="App.Adventure.AdventureTest" file="/home/tiqma/dbwebb-kurser/mvc/me/report/tests/Adventure/AdventureTest.php" line="17" assertions="1" time="0.007853"/>
        <testcase name="testGetCurrentRoomImage" class="App\Adventure\AdventureTest" classname="App.Adventure.AdventureTest" file="/home/tiqma/dbwebb-kurser/mvc/me/report/tests/Adventure/AdventureTest.php" line="25" assertions="1" time="0.000354"/>
        <testcase name="testPickUpItem" class="App\Adventure\AdventureTest" classname="App.Adventure.AdventureTest" file="/home/tiqma/dbwebb-kurser/mvc/me/report/tests/Adventure/AdventureTest.php" line="31" assertions="3" time="0.001122"/>
        <testcase name="testPickUpLockedItemWithoutKey" class="App\Adventure\AdventureTest" classname="App.Adventure.AdventureTest" file="/home/tiqma/dbwebb-kurser/mvc/me/report/tests/Adventure/AdventureTest.php" line="40" assertions="2" time="0.000624"/>
        <testcase name="testMoveToRoom" class="App\Adventure\AdventureTest" classname="App.Adventure.AdventureTest" file="/home/tiqma/dbwebb-kurser/mvc/me/report/tests/Adventure/AdventureTest.php" line="48" assertions="2" time="0.000309"/>
        <testcase name="testMoveToRoomWithoutCard" class="App\Adventure\AdventureTest" classname="App.Adventure.AdventureTest" file="/home/tiqma/dbwebb-kurser/mvc/me/report/tests/Adventure/AdventureTest.php" line="55" assertions="2" time="0.000322"/>
        <testcase name="testMoveToRoomWithCard" class="App\Adventure\AdventureTest" classname="App.Adventure.AdventureTest" file="/home/tiqma/dbwebb-kurser/mvc/me/report/tests/Adventure/AdventureTest.php" line="63" assertions="2" time="0.000358"/>
        <testcase name="testThrowItem" class="App\Adventure\AdventureTest" classname="App.Adventure.AdventureTest" file="/home/tiqma/dbwebb-kurser/mvc/me/report/tests/Adventure/AdventureTest.php" line="76" assertions="2" time="0.000380"/>
        <testcase name="testGetInventory" class="App\Adventure\AdventureTest" classname="App.Adventure.AdventureTest" file="/home/tiqma/dbwebb-kurser/mvc/me/report/tests/Adventure/AdventureTest.php" line="86" assertions="1" time="0.000375"/>
        <testcase name="testGetConnectedRooms" class="App\Adventure\AdventureTest" classname="App.Adventure.AdventureTest" file="/home/tiqma/dbwebb-kurser/mvc/me/report/tests/Adventure/AdventureTest.php" line="94" assertions="1" time="0.000765"/>
        <testcase name="testGetCurrentRoomItems" class="App\Adventure\AdventureTest" classname="App.Adventure.AdventureTest" file="/home/tiqma/dbwebb-kurser/mvc/me/report/tests/Adventure/AdventureTest.php" line="100" assertions="2" time="0.000323"/>
      </testsuite>
      <testsuite name="App\Card\CardHandTest" file="/home/tiqma/dbwebb-kurser/mvc/me/report/tests/Card/CardHandTest.php" tests="2" assertions="5" errors="0" warnings="0" failures="0" skipped="0" time="0.001928">
        <testcase name="testClearHand" class="App\Card\CardHandTest" classname="App.Card.CardHandTest" file="/home/tiqma/dbwebb-kurser/mvc/me/report/tests/Card/CardHandTest.php" line="15" assertions="2" time="0.001594"/>
        <testcase name="testAddCards" class="App\Card\CardHandTest" classname="App.Card.CardHandTest" file="/home/tiqma/dbwebb-kurser/mvc/me/report/tests/Card/CardHandTest.php" line="27" assertions="3" time="0.000334"/>
      </testsuite>
      <testsuite name="App\Card\DeckOfCardsTest" file="/home/tiqma/dbwebb-kurser/mvc/me/report/tests/Card/DeckOfCardsTest.php" tests="7" assertions="13" errors="0" warnings="0" failures="0" skipped="0" time="0.007704">
        <testcase name="testCreateDeckOfCards" class="App\Card\DeckOfCardsTest" classname="App.Card.DeckOfCardsTest" file="/home/tiqma/dbwebb-kurser/mvc/me/report/tests/Card/DeckOfCardsTest.php" line="16" assertions="2" time="0.000779"/>
        <testcase name="testGetDeck" class="App\Card\DeckOfCardsTest" classname="App.Card.DeckOfCardsTest" file="/home/tiqma/dbwebb-kurser/mvc/me/report/tests/Card/DeckOfCardsTest.php" line="26" assertions="1" time="0.000300"/>
        <testcase name="testDrawCard" class="App\Card\DeckOfCardsTest" classname="App.Card.DeckOfCardsTest" file="/home/tiqma/dbwebb-kurser/mvc/me/report/tests/Card/DeckOfCardsTest.php" line="35" assertions="2" time="0.001726"/>
        <testcase name="testDrawCardException" class="App\Card\DeckOfCardsTest" classname="App.Card.DeckOfCardsTest" file="/home/tiqma/dbwebb-kurser/mvc/me/report/tests/Card/DeckOfCardsTest.php" line="47" assertions="1" time="0.001196"/>
        <testcase name="testDrawCards" class="App\Card\DeckOfCardsTest" classname="App.Card.DeckOfCardsTest" file="/home/tiqma/dbwebb-kurser/mvc/me/report/tests/Card/DeckOfCardsTest.php" line="60" assertions="3" time="0.000373"/>
        <testcase name="testShuffleDeck" class="App\Card\DeckOfCardsTest" classname="App.Card.DeckOfCardsTest" file="/home/tiqma/dbwebb-kurser/mvc/me/report/tests/Card/DeckOfCardsTest.php" line="73" assertions="2" time="0.002950"/>
        <testcase name="testCountCards" class="App\Card\DeckOfCardsTest" classname="App.Card.DeckOfCardsTest" file="/home/tiqma/dbwebb-kurser/mvc/me/report/tests/Card/DeckOfCardsTest.php" line="86" assertions="2" time="0.000379"/>
      </testsuite>
      <testsuite name="App\Dice\DiceHandTest" file="/home/tiqma/dbwebb-kurser/mvc/me/report/tests/Dice/DiceHandTest.php" tests="4" assertions="18" errors="0" warnings="0" failures="0" skipped="0" time="0.004377">
        <testcase name="testAddDice" class="App\Dice\DiceHandTest" classname="App.Dice.DiceHandTest" file="/home/tiqma/dbwebb-kurser/mvc/me/report/tests/Dice/DiceHandTest.php" line="16" assertions="1" time="0.000948"/>
        <testcase name="testRollDice" class="App\Dice\DiceHandTest" classname="App.Dice.DiceHandTest" file="/home/tiqma/dbwebb-kurser/mvc/me/report/tests/Dice/DiceHandTest.php" line="31" assertions="9" time="0.001937"/>
        <testcase name="testGetValuesEmptyHand" class="App\Dice\DiceHandTest" classname="App.Dice.DiceHandTest" file="/home/tiqma/dbwebb-kurser/mvc/me/report/tests/Dice/DiceHandTest.php" line="54" assertions="1" time="0.000323"/>
        <testcase name="testGetString" class="App\Dice\DiceHandTest" classname="App.Dice.DiceHandTest" file="/home/tiqma/dbwebb-kurser/mvc/me/report/tests/Dice/DiceHandTest.php" line="65" assertions="7" time="0.001169"/>
      </testsuite>
      <testsuite name="App\Dice\DiceTest" file="/home/tiqma/dbwebb-kurser/mvc/me/report/tests/Dice/DiceTest.php" tests="5" assertions="14" errors="0" warnings="0" failures="0" skipped="0" time="0.002410">
        <testcase name="testCreateDice" class="App\Dice\DiceTest" classname="App.Dice.DiceTest" file="/home/tiqma/dbwebb-kurser/mvc/me/report/tests/Dice/DiceTest.php" line="16" assertions="1" time="0.000289"/>
        <testcase name="testRollDice" class="App\Dice\DiceTest" classname="App.Dice.DiceTest" file="/home/tiqma/dbwebb-kurser/mvc/me/report/tests/Dice/DiceTest.php" line="25" assertions="4" time="0.000400"/>
        <testcase name="testGetValueAfterRoll" class="App\Dice\DiceTest" classname="App.Dice.DiceTest" file="/home/tiqma/dbwebb-kurser/mvc/me/report/tests/Dice/DiceTest.php" line="37" assertions="4" time="0.000376"/>
        <testcase name="testGetValueBeforeRoll" class="App\Dice\DiceTest" classname="App.Dice.DiceTest" file="/home/tiqma/dbwebb-kurser/mvc/me/report/tests/Dice/DiceTest.php" line="50" assertions="2" time="0.001030"/>
        <testcase name="testGetAsString" class="App\Dice\DiceTest" classname="App.Dice.DiceTest" file="/home/tiqma/dbwebb-kurser/mvc/me/report/tests/Dice/DiceTest.php" line="62" assertions="3" time="0.000314"/>
      </testsuite>
      <testsuite name="App\Game\BankTest" file="/home/tiqma/dbwebb-kurser/mvc/me/report/tests/Game/BankTest.php" tests="4" assertions="7" errors="0" warnings="0" failures="0" skipped="0" time="0.002487">
        <testcase name="testShouldStopBelow17" class="App\Game\BankTest" classname="App.Game.BankTest" file="/home/tiqma/dbwebb-kurser/mvc/me/report/tests/Game/BankTest.php" line="16" assertions="1" time="0.001335"/>
        <testcase name="testShouldStopAt17" class="App\Game\BankTest" classname="App.Game.BankTest" file="/home/tiqma/dbwebb-kurser/mvc/me/report/tests/Game/BankTest.php" line="27" assertions="1" time="0.000317"/>
        <testcase name="testShouldStopAbove17" class="App\Game\BankTest" classname="App.Game.BankTest" file="/home/tiqma/dbwebb-kurser/mvc/me/report/tests/Game/BankTest.php" line="38" assertions="1" time="0.000342"/>
        <testcase name="testPlayBankerTurn" class="App\Game\BankTest" classname="App.Game.BankTest" file="/home/tiqma/dbwebb-kurser/mvc/me/report/tests/Game/BankTest.php" line="49" assertions="4" time="0.000493"/>
      </testsuite>
      <testsuite name="App\Game\PlayerTest" file="/home/tiqma/dbwebb-kurser/mvc/me/report/tests/Game/PlayerTest.php" tests="3" assertions="4" errors="0" warnings="0" failures="0" skipped="0" time="0.000984">
        <testcase name="testClearHand" class="App\Game\PlayerTest" classname="App.Game.PlayerTest" file="/home/tiqma/dbwebb-kurser/mvc/me/report/tests/Game/PlayerTest.php" line="15" assertions="2" time="0.000317"/>
        <testcase name="testHasBusted" class="App\Game\PlayerTest" classname="App.Game.PlayerTest" file="/home/tiqma/dbwebb-kurser/mvc/me/report/tests/Game/PlayerTest.php" line="29" assertions="1" time="0.000356"/>
        <testcase name="testHasNotBusted" class="App\Game\PlayerTest" classname="App.Game.PlayerTest" file="/home/tiqma/dbwebb-kurser/mvc/me/report/tests/Game/PlayerTest.php" line="41" assertions="1" time="0.000310"/>
      </testsuite>
      <testsuite name="App\Game\WinnerTest" file="/home/tiqma/dbwebb-kurser/mvc/me/report/tests/Game/WinnerTest.php" tests="5" assertions="5" errors="0" warnings="0" failures="0" skipped="0" time="0.001883">
        <testcase name="testDeterminePlayerBusted" class="App\Game\WinnerTest" classname="App.Game.WinnerTest" file="/home/tiqma/dbwebb-kurser/mvc/me/report/tests/Game/WinnerTest.php" line="17" assertions="1" time="0.000597"/>
        <testcase name="testDetermineBankerBusted" class="App\Game\WinnerTest" classname="App.Game.WinnerTest" file="/home/tiqma/dbwebb-kurser/mvc/me/report/tests/Game/WinnerTest.php" line="33" assertions="1" time="0.000325"/>
        <testcase name="testDeterminePlayerWins" class="App\Game\WinnerTest" classname="App.Game.WinnerTest" file="/home/tiqma/dbwebb-kurser/mvc/me/report/tests/Game/WinnerTest.php" line="49" assertions="1" time="0.000319"/>
        <testcase name="testDetermineBankerWins" class="App\Game\WinnerTest" classname="App.Game.WinnerTest" file="/home/tiqma/dbwebb-kurser/mvc/me/report/tests/Game/WinnerTest.php" line="68" assertions="1" time="0.000322"/>
        <testcase name="testDetermineTieGoesToBanker" class="App\Game\WinnerTest" classname="App.Game.WinnerTest" file="/home/tiqma/dbwebb-kurser/mvc/me/report/tests/Game/WinnerTest.php" line="87" assertions="1" time="0.000320"/>
      </testsuite>
    </testsuite>
  </testsuite>
</testsuites>
