<?xml version="1.0" encoding="UTF-8"?>
<testsuites>
  <testsuite name="" tests="42" assertions="88" errors="0" warnings="0" failures="0" skipped="0" time="0.039412">
    <testsuite name="Project Test Suite" tests="42" assertions="88" errors="0" warnings="0" failures="0" skipped="0" time="0.039412">
      <testsuite name="App\Adventure\AdventureTest" file="/home/tiqma/dbwebb-kurser/mvc/me/report/tests/Adventure/AdventureTest.php" tests="12" assertions="22" errors="0" warnings="0" failures="0" skipped="0" time="0.014813">
        <testcase name="testDescribeCurrentRoom" class="App\Adventure\AdventureTest" classname="App.Adventure.AdventureTest" file="/home/tiqma/dbwebb-kurser/mvc/me/report/tests/Adventure/AdventureTest.php" line="18" assertions="1" time="0.009163"/>
        <testcase name="testGetCurrentRoomImage" class="App\Adventure\AdventureTest" classname="App.Adventure.AdventureTest" file="/home/tiqma/dbwebb-kurser/mvc/me/report/tests/Adventure/AdventureTest.php" line="25" assertions="1" time="0.000376"/>
        <testcase name="testPickUpItem" class="App\Adventure\AdventureTest" classname="App.Adventure.AdventureTest" file="/home/tiqma/dbwebb-kurser/mvc/me/report/tests/Adventure/AdventureTest.php" line="31" assertions="3" time="0.001128"/>
        <testcase name="testPickUpLockedItemWithoutKey" class="App\Adventure\AdventureTest" classname="App.Adventure.AdventureTest" file="/home/tiqma/dbwebb-kurser/mvc/me/report/tests/Adventure/AdventureTest.php" line="40" assertions="2" time="0.000718"/>
        <testcase name="testPickUpLockedItemWithKey" class="App\Adventure\AdventureTest" classname="App.Adventure.AdventureTest" file="/home/tiqma/dbwebb-kurser/mvc/me/report/tests/Adventure/AdventureTest.php" line="48" assertions="3" time="0.000362"/>
        <testcase name="testMoveToRoom" class="App\Adventure\AdventureTest" classname="App.Adventure.AdventureTest" file="/home/tiqma/dbwebb-kurser/mvc/me/report/tests/Adventure/AdventureTest.php" line="60" assertions="2" time="0.000310"/>
        <testcase name="testMoveToRoomRequiringItemWithoutCard" class="App\Adventure\AdventureTest" classname="App.Adventure.AdventureTest" file="/home/tiqma/dbwebb-kurser/mvc/me/report/tests/Adventure/AdventureTest.php" line="67" assertions="2" time="0.000371"/>
        <testcase name="testMoveToRoomRequiringItemWithCard" class="App\Adventure\AdventureTest" classname="App.Adventure.AdventureTest" file="/home/tiqma/dbwebb-kurser/mvc/me/report/tests/Adventure/AdventureTest.php" line="75" assertions="2" time="0.000415"/>
        <testcase name="testThrowItem" class="App\Adventure\AdventureTest" classname="App.Adventure.AdventureTest" file="/home/tiqma/dbwebb-kurser/mvc/me/report/tests/Adventure/AdventureTest.php" line="90" assertions="2" time="0.000422"/>
        <testcase name="testGetInventory" class="App\Adventure\AdventureTest" classname="App.Adventure.AdventureTest" file="/home/tiqma/dbwebb-kurser/mvc/me/report/tests/Adventure/AdventureTest.php" line="101" assertions="1" time="0.000381"/>
        <testcase name="testGetConnectedRooms" class="App\Adventure\AdventureTest" classname="App.Adventure.AdventureTest" file="/home/tiqma/dbwebb-kurser/mvc/me/report/tests/Adventure/AdventureTest.php" line="109" assertions="1" time="0.000789"/>
        <testcase name="testGetCurrentRoomItems" class="App\Adventure\AdventureTest" classname="App.Adventure.AdventureTest" file="/home/tiqma/dbwebb-kurser/mvc/me/report/tests/Adventure/AdventureTest.php" line="115" assertions="2" time="0.000378"/>
      </testsuite>
      <testsuite name="App\Card\CardHandTest" file="/home/tiqma/dbwebb-kurser/mvc/me/report/tests/Card/CardHandTest.php" tests="2" assertions="5" errors="0" warnings="0" failures="0" skipped="0" time="0.002075">
        <testcase name="testClearHand" class="App\Card\CardHandTest" classname="App.Card.CardHandTest" file="/home/tiqma/dbwebb-kurser/mvc/me/report/tests/Card/CardHandTest.php" line="15" assertions="2" time="0.001706"/>
        <testcase name="testAddCards" class="App\Card\CardHandTest" classname="App.Card.CardHandTest" file="/home/tiqma/dbwebb-kurser/mvc/me/report/tests/Card/CardHandTest.php" line="27" assertions="3" time="0.000369"/>
      </testsuite>
      <testsuite name="App\Card\DeckOfCardsTest" file="/home/tiqma/dbwebb-kurser/mvc/me/report/tests/Card/DeckOfCardsTest.php" tests="7" assertions="13" errors="0" warnings="0" failures="0" skipped="0" time="0.008968">
        <testcase name="testCreateDeckOfCards" class="App\Card\DeckOfCardsTest" classname="App.Card.DeckOfCardsTest" file="/home/tiqma/dbwebb-kurser/mvc/me/report/tests/Card/DeckOfCardsTest.php" line="16" assertions="2" time="0.000824"/>
        <testcase name="testGetDeck" class="App\Card\DeckOfCardsTest" classname="App.Card.DeckOfCardsTest" file="/home/tiqma/dbwebb-kurser/mvc/me/report/tests/Card/DeckOfCardsTest.php" line="26" assertions="1" time="0.000368"/>
        <testcase name="testDrawCard" class="App\Card\DeckOfCardsTest" classname="App.Card.DeckOfCardsTest" file="/home/tiqma/dbwebb-kurser/mvc/me/report/tests/Card/DeckOfCardsTest.php" line="35" assertions="2" time="0.001665"/>
        <testcase name="testDrawCardException" class="App\Card\DeckOfCardsTest" classname="App.Card.DeckOfCardsTest" file="/home/tiqma/dbwebb-kurser/mvc/me/report/tests/Card/DeckOfCardsTest.php" line="47" assertions="1" time="0.001275"/>
        <testcase name="testDrawCards" class="App\Card\DeckOfCardsTest" classname="App.Card.DeckOfCardsTest" file="/home/tiqma/dbwebb-kurser/mvc/me/report/tests/Card/DeckOfCardsTest.php" line="60" assertions="3" time="0.000583"/>
        <testcase name="testShuffleDeck" class="App\Card\DeckOfCardsTest" classname="App.Card.DeckOfCardsTest" file="/home/tiqma/dbwebb-kurser/mvc/me/report/tests/Card/DeckOfCardsTest.php" line="73" assertions="2" time="0.003862"/>
        <testcase name="testCountCards" class="App\Card\DeckOfCardsTest" classname="App.Card.DeckOfCardsTest" file="/home/tiqma/dbwebb-kurser/mvc/me/report/tests/Card/DeckOfCardsTest.php" line="86" assertions="2" time="0.000392"/>
      </testsuite>
      <testsuite name="App\Dice\DiceHandTest" file="/home/tiqma/dbwebb-kurser/mvc/me/report/tests/Dice/DiceHandTest.php" tests="4" assertions="18" errors="0" warnings="0" failures="0" skipped="0" time="0.004797">
        <testcase name="testAddDice" class="App\Dice\DiceHandTest" classname="App.Dice.DiceHandTest" file="/home/tiqma/dbwebb-kurser/mvc/me/report/tests/Dice/DiceHandTest.php" line="16" assertions="1" time="0.001049"/>
        <testcase name="testRollDice" class="App\Dice\DiceHandTest" classname="App.Dice.DiceHandTest" file="/home/tiqma/dbwebb-kurser/mvc/me/report/tests/Dice/DiceHandTest.php" line="31" assertions="9" time="0.001946"/>
        <testcase name="testGetValuesEmptyHand" class="App\Dice\DiceHandTest" classname="App.Dice.DiceHandTest" file="/home/tiqma/dbwebb-kurser/mvc/me/report/tests/Dice/DiceHandTest.php" line="54" assertions="1" time="0.000318"/>
        <testcase name="testGetString" class="App\Dice\DiceHandTest" classname="App.Dice.DiceHandTest" file="/home/tiqma/dbwebb-kurser/mvc/me/report/tests/Dice/DiceHandTest.php" line="65" assertions="7" time="0.001484"/>
      </testsuite>
      <testsuite name="App\Dice\DiceTest" file="/home/tiqma/dbwebb-kurser/mvc/me/report/tests/Dice/DiceTest.php" tests="5" assertions="14" errors="0" warnings="0" failures="0" skipped="0" time="0.002399">
        <testcase name="testCreateDice" class="App\Dice\DiceTest" classname="App.Dice.DiceTest" file="/home/tiqma/dbwebb-kurser/mvc/me/report/tests/Dice/DiceTest.php" line="16" assertions="1" time="0.000314"/>
        <testcase name="testRollDice" class="App\Dice\DiceTest" classname="App.Dice.DiceTest" file="/home/tiqma/dbwebb-kurser/mvc/me/report/tests/Dice/DiceTest.php" line="25" assertions="4" time="0.000443"/>
        <testcase name="testGetValueAfterRoll" class="App\Dice\DiceTest" classname="App.Dice.DiceTest" file="/home/tiqma/dbwebb-kurser/mvc/me/report/tests/Dice/DiceTest.php" line="37" assertions="4" time="0.000460"/>
        <testcase name="testGetValueBeforeRoll" class="App\Dice\DiceTest" classname="App.Dice.DiceTest" file="/home/tiqma/dbwebb-kurser/mvc/me/report/tests/Dice/DiceTest.php" line="50" assertions="2" time="0.000791"/>
        <testcase name="testGetAsString" class="App\Dice\DiceTest" classname="App.Dice.DiceTest" file="/home/tiqma/dbwebb-kurser/mvc/me/report/tests/Dice/DiceTest.php" line="62" assertions="3" time="0.000390"/>
      </testsuite>
      <testsuite name="App\Game\BankTest" file="/home/tiqma/dbwebb-kurser/mvc/me/report/tests/Game/BankTest.php" tests="4" assertions="7" errors="0" warnings="0" failures="0" skipped="0" time="0.002809">
        <testcase name="testShouldStopBelow17" class="App\Game\BankTest" classname="App.Game.BankTest" file="/home/tiqma/dbwebb-kurser/mvc/me/report/tests/Game/BankTest.php" line="16" assertions="1" time="0.001562"/>
        <testcase name="testShouldStopAt17" class="App\Game\BankTest" classname="App.Game.BankTest" file="/home/tiqma/dbwebb-kurser/mvc/me/report/tests/Game/BankTest.php" line="27" assertions="1" time="0.000345"/>
        <testcase name="testShouldStopAbove17" class="App\Game\BankTest" classname="App.Game.BankTest" file="/home/tiqma/dbwebb-kurser/mvc/me/report/tests/Game/BankTest.php" line="38" assertions="1" time="0.000342"/>
        <testcase name="testPlayBankerTurn" class="App\Game\BankTest" classname="App.Game.BankTest" file="/home/tiqma/dbwebb-kurser/mvc/me/report/tests/Game/BankTest.php" line="49" assertions="4" time="0.000560"/>
      </testsuite>
      <testsuite name="App\Game\PlayerTest" file="/home/tiqma/dbwebb-kurser/mvc/me/report/tests/Game/PlayerTest.php" tests="3" assertions="4" errors="0" warnings="0" failures="0" skipped="0" time="0.001393">
        <testcase name="testClearHand" class="App\Game\PlayerTest" classname="App.Game.PlayerTest" file="/home/tiqma/dbwebb-kurser/mvc/me/report/tests/Game/PlayerTest.php" line="15" assertions="2" time="0.000310"/>
        <testcase name="testHasBusted" class="App\Game\PlayerTest" classname="App.Game.PlayerTest" file="/home/tiqma/dbwebb-kurser/mvc/me/report/tests/Game/PlayerTest.php" line="29" assertions="1" time="0.000423"/>
        <testcase name="testHasNotBusted" class="App\Game\PlayerTest" classname="App.Game.PlayerTest" file="/home/tiqma/dbwebb-kurser/mvc/me/report/tests/Game/PlayerTest.php" line="41" assertions="1" time="0.000660"/>
      </testsuite>
      <testsuite name="App\Game\WinnerTest" file="/home/tiqma/dbwebb-kurser/mvc/me/report/tests/Game/WinnerTest.php" tests="5" assertions="5" errors="0" warnings="0" failures="0" skipped="0" time="0.002158">
        <testcase name="testDeterminePlayerBusted" class="App\Game\WinnerTest" classname="App.Game.WinnerTest" file="/home/tiqma/dbwebb-kurser/mvc/me/report/tests/Game/WinnerTest.php" line="17" assertions="1" time="0.000639"/>
        <testcase name="testDetermineBankerBusted" class="App\Game\WinnerTest" classname="App.Game.WinnerTest" file="/home/tiqma/dbwebb-kurser/mvc/me/report/tests/Game/WinnerTest.php" line="33" assertions="1" time="0.000389"/>
        <testcase name="testDeterminePlayerWins" class="App\Game\WinnerTest" classname="App.Game.WinnerTest" file="/home/tiqma/dbwebb-kurser/mvc/me/report/tests/Game/WinnerTest.php" line="49" assertions="1" time="0.000428"/>
        <testcase name="testDetermineBankerWins" class="App\Game\WinnerTest" classname="App.Game.WinnerTest" file="/home/tiqma/dbwebb-kurser/mvc/me/report/tests/Game/WinnerTest.php" line="68" assertions="1" time="0.000359"/>
        <testcase name="testDetermineTieGoesToBanker" class="App\Game\WinnerTest" classname="App.Game.WinnerTest" file="/home/tiqma/dbwebb-kurser/mvc/me/report/tests/Game/WinnerTest.php" line="87" assertions="1" time="0.000344"/>
      </testsuite>
    </testsuite>
  </testsuite>
</testsuites>
